<?xml version="1.0" encoding="UTF-8"?>
<testsuite xmlns:xsi="http://www.w3.org/2001/XMLSchema-instance" xsi:noNamespaceSchemaLocation="https://maven.apache.org/surefire/maven-surefire-plugin/xsd/surefire-test-report-3.0.xsd" version="3.0" name="com.iiteam.montezuma3.core.GameLoopTest" time="0.051" tests="5" errors="0" skipped="0" failures="0">
  <properties>
[...]
</properties>
  <testcase name="largeFrameProducesProportionalNumberOfTicks" classname="com.iiteam.montezuma3.core.GameLoopTest" time="0.022"/>
  <testcase name="hugeFrameIsClampedToAvoidSpiralOfDeath" classname="com.iiteam.montezuma3.core.GameLoopTest" time="0.002"/>
  <testcase name="runsOneTickPerFixedStep" classname="com.iiteam.montezuma3.core.GameLoopTest" time="0.001"/>
  <testcase name="firstCallOnlySynchronisesTheClock" classname="com.iiteam.montezuma3.core.GameLoopTest" time="0.001"/>
  <testcase name="tickCountIsDeterministic" classname="com.iiteam.montezuma3.core.GameLoopTest" time="0.001"/>
</testsuite>